C51 COMPILER V9.00   EEPROM                                                                09/02/2017 11:27:13 PAGE 1   


C51 COMPILER V9.00, COMPILATION OF MODULE EEPROM
OBJECT MODULE PLACED IN .\output\EEPROM.obj
COMPILER INVOKED BY: d:\Keil\C51\BIN\C51.EXE EEPROM.c COMPACT WARNINGLEVEL(0) BROWSE INCDIR(..\Common;..\Include) DEBUG 
                    -OBJECTEXTEND TABS(2) OBJECT(.\output\EEPROM.obj)

line level    source

   1          /*---------------------------------------------------------------------*/
   2          /* --- STC MCU Limited ------------------------------------------------*/
   3          /* --- STC15F4K60S4 系列 内部EEPROM举例--------------------------------*/
   4          /* --- Mobile: (86)13922805190 ----------------------------------------*/
   5          /* --- Fax: 86-0513-55012956,55012947,55012969 ------------------------*/
   6          /* --- Tel: 86-0513-55012928,55012929,55012966-------------------------*/
   7          /* --- Web: www.STCMCU.com --------------------------------------------*/
   8          /* --- Web: www.GXWMCU.com --------------------------------------------*/
   9          /* 如果要在程序中使用此代码,请在程序中注明使用了STC的资料及程序        */
  10          /* 如果要在文章中应用此代码,请在文章中注明使用了STC的资料及程序        */
  11          /*---------------------------------------------------------------------*/
  12          
  13          
  14          #include "SmartM_8051.h"
  15          
  16          
  17          
  18          #define CMD_IDLE    0               //空闲模式
  19          #define CMD_READ    1               //IAP字节读命令
  20          #define CMD_PROGRAM 2               //IAP字节编程命令
  21          #define CMD_ERASE   3               //IAP扇区擦除命令
  22          
  23          //#define ENABLE_IAP 0x80           //if SYSCLK<30MHz
  24          #define ENABLE_IAP 0x81           //if SYSCLK<24MHz
  25          //#define ENABLE_IAP  0x82            //if SYSCLK<20MHz
  26          //#define ENABLE_IAP 0x83           //if SYSCLK<12MHz
  27          //#define ENABLE_IAP 0x84           //if SYSCLK<6MHz
  28          //#define ENABLE_IAP 0x85           //if SYSCLK<3MHz
  29          //#define ENABLE_IAP 0x86           //if SYSCLK<2MHz
  30          //#define ENABLE_IAP 0x87           //if SYSCLK<1MHz
  31          
  32          
  33          
  34          
  35          /*----------------------------
  36          软件延时
  37          ----------------------------*/
  38          void Delay(UINT8 n)
  39          {
  40   1          UINT8 x;
  41   1      
  42   1          while (n--)
  43   1          {
  44   2              x = 0;
  45   2              while (++x);
  46   2          }
  47   1      }
  48          
  49          /*----------------------------
  50          关闭IAP
  51          ----------------------------*/
  52          void IapIdle()
  53          {
  54   1          IAP_CONTR = 0;                  //关闭IAP功能
C51 COMPILER V9.00   EEPROM                                                                09/02/2017 11:27:13 PAGE 2   

  55   1          IAP_CMD = 0;                    //清除命令寄存器
  56   1          IAP_TRIG = 0;                   //清除触发寄存器
  57   1          IAP_ADDRH = 0x80;               //将地址设置到非IAP区域
  58   1          IAP_ADDRL = 0;
  59   1      }
  60          
  61          /*----------------------------
  62          从ISP/IAP/EEPROM区域读取一字节
  63          ----------------------------*/
  64          UINT8 IapReadByte(UINT16 addr)
  65          {
*** WARNING C235 IN LINE 65 OF EEPROM.C: parameter 1: different types
  66   1          UINT8 dat;                       //数据缓冲区
  67   1      
  68   1          IAP_CONTR = ENABLE_IAP;         //使能IAP
  69   1          IAP_CMD = CMD_READ;             //设置IAP命令
  70   1          IAP_ADDRL = addr;               //设置IAP低地址
  71   1          IAP_ADDRH = addr >> 8;          //设置IAP高地址
  72   1          IAP_TRIG = 0x5a;                //写触发命令(0x5a)
  73   1          IAP_TRIG = 0xa5;                //写触发命令(0xa5)
  74   1          _nop_();                        //等待ISP/IAP/EEPROM操作完成
  75   1          dat = IAP_DATA;                 //读ISP/IAP/EEPROM数据
  76   1          IapIdle();                      //关闭IAP功能
  77   1      
  78   1          return dat;                     //返回
  79   1      }
  80          
  81          /*----------------------------
  82          写一字节数据到ISP/IAP/EEPROM区域
  83          ----------------------------*/
  84          void IapProgramByte(UINT16 addr, UINT8 dat)
  85          {
*** WARNING C235 IN LINE 85 OF EEPROM.C: parameter 1: different types
  86   1          IAP_CONTR = ENABLE_IAP;         //使能IAP
  87   1          IAP_CMD = CMD_PROGRAM;          //设置IAP命令
  88   1          IAP_ADDRL = addr;               //设置IAP低地址
  89   1          IAP_ADDRH = addr >> 8;          //设置IAP高地址
  90   1          IAP_DATA = dat;                 //写ISP/IAP/EEPROM数据
  91   1          IAP_TRIG = 0x5a;                //写触发命令(0x5a)
  92   1          IAP_TRIG = 0xa5;                //写触发命令(0xa5)
  93   1          _nop_();                        //等待ISP/IAP/EEPROM操作完成
  94   1          IapIdle();
  95   1      }
  96          
  97          /*----------------------------
  98          扇区擦除
  99          ----------------------------*/
 100          void IapEraseSector(UINT16 addr)
 101          {
*** WARNING C235 IN LINE 101 OF EEPROM.C: parameter 1: different types
 102   1          IAP_CONTR = ENABLE_IAP;         //使能IAP
 103   1          IAP_CMD = CMD_ERASE;            //设置IAP命令
 104   1          IAP_ADDRL = addr;               //设置IAP低地址
 105   1          IAP_ADDRH = addr >> 8;          //设置IAP高地址
 106   1          IAP_TRIG = 0x5a;                //写触发命令(0x5a)
 107   1          IAP_TRIG = 0xa5;                //写触发命令(0xa5)
 108   1          _nop_();                        //等待ISP/IAP/EEPROM操作完成
 109   1          IapIdle();
 110   1      }
 111          


C51 COMPILER V9.00   EEPROM                                                                09/02/2017 11:27:13 PAGE 3   

MODULE INFORMATION:   STATIC OVERLAYABLE
   CODE SIZE        =     98    ----
   CONSTANT SIZE    =   ----    ----
   XDATA SIZE       =   ----    ----
   PDATA SIZE       =   ----    ----
   DATA SIZE        =   ----    ----
   IDATA SIZE       =   ----    ----
   BIT SIZE         =   ----    ----
END OF MODULE INFORMATION.


C51 COMPILATION COMPLETE.  3 WARNING(S),  0 ERROR(S)
