C51 COMPILER V9.00   LED                                                                   09/02/2017 11:27:13 PAGE 1   


C51 COMPILER V9.00, COMPILATION OF MODULE LED
OBJECT MODULE PLACED IN .\output\Led.obj
COMPILER INVOKED BY: d:\Keil\C51\BIN\C51.EXE Led.c COMPACT WARNINGLEVEL(0) BROWSE INCDIR(..\Common;..\Include) DEBUG OBJ
                    -ECTEXTEND TABS(2) OBJECT(.\output\Led.obj)

line level    source

   1          #include "SmartM_8051.h"
   2          
   3          VOID LedInit(VOID)
   4          {
   5   1        /* P2.5,P2.6,P2.7Òý½ÅÍÆÍìÊä³ö */
   6   1        P2M1&=~((1<<5)|(1<<6)|(1<<7));
   7   1        P2M0|=  (1<<5)|(1<<6)|(1<<7);
   8   1      }
   9          
  10          VOID Led1(BOOL bIsOn)
  11          {
  12   1         if(bIsOn)P2_5 =0;
  13   1         else     P2_5 =1;
  14   1      }
  15          
  16          VOID Led2(BOOL bIsOn)
  17          {
  18   1         if(bIsOn)P2_6 =0;
  19   1         else     P2_6 =1;
  20   1      }
  21          
  22          VOID Led3(BOOL bIsOn)
  23          {
  24   1         if(bIsOn)P2_7 =0;
  25   1         else     P2_7 =1;
  26   1      }
  27          


MODULE INFORMATION:   STATIC OVERLAYABLE
   CODE SIZE        =     34    ----
   CONSTANT SIZE    =   ----    ----
   XDATA SIZE       =   ----    ----
   PDATA SIZE       =   ----    ----
   DATA SIZE        =   ----    ----
   IDATA SIZE       =   ----    ----
   BIT SIZE         =   ----    ----
END OF MODULE INFORMATION.


C51 COMPILATION COMPLETE.  0 WARNING(S),  0 ERROR(S)
