C51 COMPILER V9.54   DELAY                                                                 11/30/2017 10:47:31 PAGE 1   


C51 COMPILER V9.54, COMPILATION OF MODULE DELAY
OBJECT MODULE PLACED IN .\output\Delay.obj
COMPILER INVOKED BY: C:\Keil_v5\C51\BIN\C51.EXE Delay.c LARGE OPTIMIZE(0,SPEED) BROWSE INCDIR(.\Common;.\Include) DEBUG 
                    -OBJECTEXTEND PRINT(.\Include\Delay.lst) TABS(2) OBJECT(.\output\Delay.obj)

line level    source

   1          
   2          void delay10US(Uchar x)
*** ERROR C141 IN LINE 2 OF Delay.c: syntax error near 'x', expected ')'
   3          {
   4   1          Uchar k;
*** ERROR C141 IN LINE 4 OF Delay.c: syntax error near 'k'
*** ERROR C202 IN LINE 4 OF Delay.c: 'k': undefined identifier
   5   1          for(k=0;k<x;k++);
*** ERROR C202 IN LINE 5 OF Delay.c: 'k': undefined identifier
   6   1       }
   7          /**/
   8          const Uchar delay=250;  //延时时间常数
*** ERROR C129 IN LINE 8 OF Delay.c: missing ';' before 'delay'
   9          static void Wait1ms(void)//延迟1 ms
  10          {
  11              Uchar cnt=0;
  12              while (cnt<delay) cnt++;
  13          }
  14          //延迟n ms 
  15          void WaitNms(Uint n)
  16          {
  17              Uint i;
  18              for(i=1;i<=n;i++)
  19              Wait1ms();
  20          }
  21          
  22          void time_nms(Uint x)//0.5ms
  23          {
  24            Uchar j;
  25           while(x--)
  26            {for(j=0;j<50;j++)
  27              {;}
  28            }
  29          }

C51 COMPILATION COMPLETE.  0 WARNING(S),  5 ERROR(S)
