C51 COMPILER V9.00   PID                                                                   12/26/2017 15:51:25 PAGE 1   


C51 COMPILER V9.00, COMPILATION OF MODULE PID
OBJECT MODULE PLACED IN .\output\PID.obj
COMPILER INVOKED BY: C:\Keil\C51\BIN\C51.EXE PID.c LARGE OPTIMIZE(0,SPEED) BROWSE INCDIR(.\Common;.\Include) DEBUG OBJEC
                    -TEXTEND PRINT(.\Include\PID.lst) OBJECT(.\output\PID.obj)

line level    source

   1          //struct _pid{
   2          //    float SetSpeed;            //定义设定值
   3          //    float ActualSpeed;        //定义实际值
   4          //    float err;                //定义偏差值
   5          //    float err_last;            //定义上一个偏差值
   6          //    float Kp,Ki,Kd;            //定义比例、积分、微分系数
   7          //    float voltage;          //定义电压值（控制执行器的变量）
   8          //    float integral;            //定义积分值
   9          //}pid;
  10          
  11          //void PID_init(){
  12          //    pid.SetSpeed=0.0;
  13          //    pid.ActualSpeed=0.0;
  14          //    pid.err=0.0;
  15          //    pid.err_last=0.0;
  16          //    pid.voltage=0.0;
  17          //    pid.integral=0.0;
  18          //    pid.Kp=0.2;
  19          //    pid.Ki=0.015;
  20          //    pid.Kd=0.2;
  21          //}
  22          
  23          //float PID_realize(float speed){
  24          //    pid.SetSpeed=speed;
  25          //    pid.err=pid.SetSpeed-pid.ActualSpeed;
  26          //    pid.integral+=pid.err;
  27          //    pid.voltage=pid.Kp*pid.err+pid.Ki*pid.integral+pid.Kd*(pid.err-pid.err_last);
  28          //    pid.err_last=pid.err;
  29          //    pid.ActualSpeed=pid.voltage*1.0;
  30          //    return pid.ActualSpeed;
  31          //}


MODULE INFORMATION:   STATIC OVERLAYABLE
   CODE SIZE        =   ----    ----
   CONSTANT SIZE    =   ----    ----
   XDATA SIZE       =   ----    ----
   PDATA SIZE       =   ----    ----
   DATA SIZE        =   ----    ----
   IDATA SIZE       =   ----    ----
   BIT SIZE         =   ----    ----
END OF MODULE INFORMATION.


C51 COMPILATION COMPLETE.  0 WARNING(S),  0 ERROR(S)
