C51 COMPILER V9.54   ROM_MAIN                                                              12/01/2017 10:32:04 PAGE 1   


C51 COMPILER V9.54, COMPILATION OF MODULE ROM_MAIN
OBJECT MODULE PLACED IN .\output\rom_main.obj
COMPILER INVOKED BY: C:\Keil_v5\C51\BIN\C51.EXE rom_main.c OPTIMIZE(8,SPEED) BROWSE DEBUG OBJECTEXTEND PRINT(.\Listings\
                    -rom_main.lst) TABS(2) OBJECT(.\output\rom_main.obj)

line level    source

   1          code unsigned char array[7]={0x01,0x00,0x04,      //time
   2                                      0x00,0x03,0x00,0x02};   //speed
   3          
   4          
   5          //code unsigned char array[1000]={0x01,0x00,0x04,     //time
   6          //                            0x00,0x03,0x00,0x02,    //speed
   7          //  0x00,0x00,0x00,
   8          //                              0x00,0x00,0x00,0x00,0x00,0x00,0x00,0x00,0x00,0x00,
   9          //                              0x00,0x00,0x00,0x00,0x00,0x00,0x00,0x00,0x00,0x00,
  10          //                              0x00,0x00,0x00,0x00,0x00,0x00,0x00,0x00,0x00,0x00,
  11          //                              0x00,0x00,0x00,0x00,0x00,0x00,0x00,0x00,0x00,0x00,
  12          //                              0x00,0x00,0x00,0x00,0x00,0x00,0x00,0x00,0x00,0x00,
  13          //                              0x00,0x00,0x00,0x00,0x00,0x00,0x00,0x00,0x00,0x00,
  14          //                              0x00,0x00,0x00,0x00,0x00,0x00,0x00,0x00,0x00,0x00,
  15          //                              0x00,0x00,0x00,0x00,0x00,0x00,0x00,0x00,0x00,0x00,
  16          //                              0x00,0x00,0x00,0x00,0x00,0x00,0x00,0x00,0x00,0x00,    //100
  17          //  0x00,0x00,0x00,0x00,0x00,0x00,0x00,0x00,0x00,0x00,
  18          //                              0x00,0x00,0x00,0x00,0x00,0x00,0x00,0x00,0x00,0x00,
  19          //                              0x00,0x00,0x00,0x00,0x00,0x00,0x00,0x00,0x00,0x00,
  20          //                              0x00,0x00,0x00,0x00,0x00,0x00,0x00,0x00,0x00,0x00,
  21          //                              0x00,0x00,0x00,0x00,0x00,0x00,0x00,0x00,0x00,0x00,
  22          //                              0x00,0x00,0x00,0x00,0x00,0x00,0x00,0x00,0x00,0x00,
  23          //                              0x00,0x00,0x00,0x00,0x00,0x00,0x00,0x00,0x00,0x00,
  24          //                              0x00,0x00,0x00,0x00,0x00,0x00,0x00,0x00,0x00,0x00,
  25          //                              0x00,0x00,0x00,0x00,0x00,0x00,0x00,0x00,0x00,0x00,
  26          //                              0x00,0x00,0x00,0x00,0x00,0x00,0x00,0x00,0x00,0x00,    //200
  27          //  0x00,0x00,0x00,0x00,0x00,0x00,0x00,0x00,0x00,0x00,
  28          //                              0x00,0x00,0x00,0x00,0x00,0x00,0x00,0x00,0x00,0x00,
  29          //                              0x00,0x00,0x00,0x00,0x00,0x00,0x00,0x00,0x00,0x00,
  30          //                              0x00,0x00,0x00,0x00,0x00,0x00,0x00,0x00,0x00,0x00,
  31          //                              0x00,0x00,0x00,0x00,0x00,0x00,0x00,0x00,0x00,0x00,
  32          //                              0x00,0x00,0x00,0x00,0x00,0x00,0x00,0x00,0x00,0x00,
  33          //                              0x00,0x00,0x00,0x00,0x00,0x00,0x00,0x00,0x00,0x00,
  34          //                              0x00,0x00,0x00,0x00,0x00,0x00,0x00,0x00,0x00,0x00,
  35          //                              0x00,0x00,0x00,0x00,0x00,0x00,0x00,0x00,0x00,0x00,
  36          //                              0x00,0x00,0x00,0x00,0x00,0x00,0x00,0x00,0x00,0x00,    //300
  37          //0x00,0x00,0x00,0x00,0x00,0x00,0x00,0x00,0x00,0x00,
  38          //                              0x00,0x00,0x00,0x00,0x00,0x00,0x00,0x00,0x00,0x00,
  39          //                              0x00,0x00,0x00,0x00,0x00,0x00,0x00,0x00,0x00,0x00,
  40          //                              0x00,0x00,0x00,0x00,0x00,0x00,0x00,0x00,0x00,0x00,
  41          //                              0x00,0x00,0x00,0x00,0x00,0x00,0x00,0x00,0x00,0x00,
  42          //                              0x00,0x00,0x00,0x00,0x00,0x00,0x00,0x00,0x00,0x00,
  43          //                              0x00,0x00,0x00,0x00,0x00,0x00,0x00,0x00,0x00,0x00,
  44          //                              0x00,0x00,0x00,0x00,0x00,0x00,0x00,0x00,0x00,0x00,
  45          //                              0x00,0x00,0x00,0x00,0x00,0x00,0x00,0x00,0x00,0x00,
  46          //                              0x00,0x00,0x00,0x00,0x00,0x00,0x00,0x00,0x00,0x00,    //400
  47          //0x00,0x00,0x00,0x00,0x00,0x00,0x00,0x00,0x00,0x00,
  48          //                              0x00,0x00,0x00,0x00,0x00,0x00,0x00,0x00,0x00,0x00,
  49          //                              0x00,0x00,0x00,0x00,0x00,0x00,0x00,0x00,0x00,0x00,
  50          //                              0x00,0x00,0x00,0x00,0x00,0x00,0x00,0x00,0x00,0x00,
  51          //                              0x00,0x00,0x00,0x00,0x00,0x00,0x00,0x00,0x00,0x00,
  52          //                              0x00,0x00,0x00,0x00,0x00,0x00,0x00,0x00,0x00,0x00,
  53          //                              0x00,0x00,0x00,0x00,0x00,0x00,0x00,0x00,0x00,0x00,
  54          //                              0x00,0x00,0x00,0x00,0x00,0x00,0x00,0x00,0x00,0x00,
C51 COMPILER V9.54   ROM_MAIN                                                              12/01/2017 10:32:04 PAGE 2   

  55          //                              0x00,0x00,0x00,0x00,0x00,0x00,0x00,0x00,0x00,0x00,
  56          //                              0x00,0x00,0x00,0x00,0x00,0x00,0x00,0x00,0x00,0x00,    //500       
  57          //0x00,0x00,0x00,0x00,0x00,0x00,0x00,0x00,0x00,0x00,
  58          //                              0x00,0x00,0x02,
  59          //                              0x00,0x00,0x00,0x00,0x00,0x00,0x00,
  60          //                              0x00,0x00,0x00,0x00,0x00,0x00,0x00,0x00,0x00,0x00,
  61          //                              0x00,0x00,0x00,0x00,0x00,0x00,0x00,0x00,0x00,0x00,
  62          //                              0x00,0x00,0x00,0x00,0x00,0x00,0x00,0x00,0x00,0x00,
  63          //                              0x00,0x00,0x00,0x00,0x00,0x00,0x00,0x00,0x00,0x00,
  64          //                              0x00,0x00,0x00,0x00,0x00,0x00,0x00,0x00,0x00,0x00,
  65          //                              0x00,0x00,0x00,0x00,0x00,0x00,0x00,0x00,0x00,0x00,
  66          //                              0x00,0x00,0x00,0x00,0x00,0x00,0x00,0x00,0x00,0x00,
  67          //                              0x00,0x00,0x00,0x00,0x00,0x00,0x00,0x00,0x00,0x00,    //600
  68          //  0x00,0x00,0x00,0x00,0x00,0x00,0x00,0x00,0x00,0x00,
  69          //                              0x00,0x00,0x00,0x00,0x00,0x00,0x00,0x00,0x00,0x00,
  70          //                              0x00,0x00,0x00,0x00,0x00,0x00,0x00,0x00,0x00,0x00,
  71          //                              0x00,0x00,0x00,0x00,0x00,0x00,0x00,0x00,0x00,0x00,
  72          //                              0x00,0x00,0x00,0x00,0x00,0x00,0x00,0x00,0x00,0x00,
  73          //                              0x00,0x00,0x00,0x00,0x00,0x00,0x00,0x00,0x00,0x00,
  74          //                              0x00,0x00,0x00,0x00,0x00,0x00,0x00,0x00,0x00,0x00,
  75          //                              0x00,0x00,0x00,0x00,0x00,0x00,0x00,0x00,0x00,0x00,
  76          //                              0x00,0x00,0x00,0x00,0x00,0x00,0x00,0x00,0x00,0x00,
  77          //                              0x00,0x00,0x00,0x00,0x00,0x00,0x00,0x00,0x00,0x00,    //700
  78          //  0x00,0x00,0x00,0x00,0x00,0x00,0x00,0x00,0x00,0x00,
  79          //                              0x00,0x00,0x00,0x00,0x00,0x00,0x00,0x00,0x00,0x00,
  80          //                              0x00,0x00,0x00,0x00,0x00,0x00,0x00,0x00,0x00,0x00,
  81          //                              0x00,0x00,0x00,0x00,0x00,0x00,0x00,0x00,0x00,0x00,
  82          //                              0x00,0x00,0x00,0x00,0x00,0x00,0x00,0x00,0x00,0x00,
  83          //                              0x00,0x00,0x00,0x00,0x00,0x00,0x00,0x00,0x00,0x00,
  84          //                              0x00,0x00,0x00,0x00,0x00,0x00,0x00,0x00,0x00,0x00,
  85          //                              0x00,0x00,0x00,0x00,0x00,0x00,0x00,0x00,0x00,0x00,
  86          //                              0x00,0x00,0x00,0x00,0x00,0x00,0x00,0x00,0x00,0x00,
  87          //                              0x00,0x00,0x00,0x00,0x00,0x00,0x00,0x00,0x00,0x00,    //800
  88          //0x00,0x00,0x00,0x00,0x00,0x00,0x00,0x00,0x00,0x00,
  89          //                              0x00,0x00,0x00,0x00,0x00,0x00,0x00,0x00,0x00,0x00,
  90          //                              0x00,0x00,0x00,0x00,0x00,0x00,0x00,0x00,0x00,0x00,
  91          //                              0x00,0x00,0x00,0x00,0x00,0x00,0x00,0x00,0x00,0x00,
  92          //                              0x00,0x00,0x00,0x00,0x00,0x00,0x00,0x00,0x00,0x00,
  93          //                              0x00,0x00,0x00,0x00,0x00,0x00,0x00,0x00,0x00,0x00,
  94          //                              0x00,0x00,0x00,0x00,0x00,0x00,0x00,0x00,0x00,0x00,
  95          //                              0x00,0x00,0x00,0x00,0x00,0x00,0x00,0x00,0x00,0x00,
  96          //                              0x00,0x00,0x00,0x00,0x00,0x00,0x00,0x00,0x00,0x00,
  97          //                              0x00,0x00,0x00,0x00,0x00,0x00,0x00,0x00,0x00,0x00,    //900
  98          //0x00,0x00,0x00,0x00,0x00,0x00,0x00,0x00,0x00,0x00,
  99          //                              0x00,0x00,0x00,0x00,0x00,0x00,0x00,0x00,0x00,0x00,
 100          //                              0x00,0x00,0x00,0x00,0x00,0x00,0x00,0x00,0x00,0x00,
 101          //                              0x00,0x00,0x00,0x00,0x00,0x00,0x00,0x00,0x00,0x00,
 102          //                              0x00,0x00,0x00,0x00,0x00,0x00,0x00,0x00,0x00,0x00,
 103          //                              0x00,0x00,0x00,0x00,0x00,0x00,0x00,0x00,0x00,0x00,
 104          //                              0x00,0x00,0x00,0x00,0x00,0x00,0x00,0x00,0x00,0x00,
 105          //                              0x00,0x00,0x00,0x00,0x00,0x00,0x00,0x00,0x00,0x00,
 106          //                              0x00,0x00,0x00,0x00,0x00,0x00,0x00,0x00,0x00,0x00,
 107          //                              0x00,0x00,0x00,0x00,0x00,0x00,0x00,0x00,0x00,0x00   //1000                                  
 108          //};


MODULE INFORMATION:   STATIC OVERLAYABLE
   CODE SIZE        =   ----    ----
   CONSTANT SIZE    =      7    ----
   XDATA SIZE       =   ----    ----
   PDATA SIZE       =   ----    ----
   DATA SIZE        =   ----    ----
C51 COMPILER V9.54   ROM_MAIN                                                              12/01/2017 10:32:04 PAGE 3   

   IDATA SIZE       =   ----    ----
   BIT SIZE         =   ----    ----
END OF MODULE INFORMATION.


C51 COMPILATION COMPLETE.  0 WARNING(S),  0 ERROR(S)
